Support for Android x86 targets will be removed in the next stable release after 3.27. See https://github.com/flutter/flutter/issues/157543 for details.
Running Gradle task 'assembleDebug'...                          
Your project is configured with Android NDK 26.3.11579264, but the following plugin(s) depend on a different Android NDK version:
- geolocator_android requires Android NDK 27.0.12077973
- package_info_plus requires Android NDK 27.0.12077973
- path_provider_android requires Android NDK 27.0.12077973
- permission_handler_android requires Android NDK 27.0.12077973
- share_plus requires Android NDK 27.0.12077973
- sqflite_android requires Android NDK 27.0.12077973
Fix this issue by using the highest Android NDK version (they are backward compatible).
Add the following to C:\Users\Britto\Documents\Works\Flutter\swaram\android\app\build.gradle.kts:

    android {
        ndkVersion = "27.0.12077973"
        ...
    }
../../../../AppData/Local/Pub/Cache/hosted/pub.dev/fl_chart-1.1.0/lib/src/chart/base/custom_interactive_viewer.dart:419:9: Error: The method 'translateByDouble' isn't defined for the class 'Matrix4'.
 - 'Matrix4' is from 'package:vector_math/vector_math_64.dart' ('../../../../AppData/Local/Pub/Cache/hosted/pub.dev/vector_math-2.1.4/lib/vector_math_64.dart').
Try correcting the name to the name of an existing method, or defining a method named 'translateByDouble'.
      ..translateByDouble(
        ^^^^^^^^^^^^^^^^^
../../../../AppData/Local/Pub/Cache/hosted/pub.dev/fl_chart-1.1.0/lib/src/chart/base/custom_interactive_viewer.dart:534:9: Error: The method 'scaleByDouble' isn't defined for the class 'Matrix4'.
 - 'Matrix4' is from 'package:vector_math/vector_math_64.dart' ('../../../../AppData/Local/Pub/Cache/hosted/pub.dev/vector_math-2.1.4/lib/vector_math_64.dart').
Try correcting the name to the name of an existing method, or defining a method named 'scaleByDouble'.
      ..scaleByDouble(clampedScale, clampedScale, clampedScale, 1);
        ^^^^^^^^^^^^^
../../../../AppData/Local/Pub/Cache/hosted/pub.dev/fl_chart-1.1.0/lib/src/chart/base/custom_interactive_viewer.dart:1114:7: Error: The method 'translateByDouble' isn't defined for the class 'Matrix4'.
 - 'Matrix4' is from 'package:vector_math/vector_math_64.dart' ('../../../../AppData/Local/Pub/Cache/hosted/pub.dev/vector_math-2.1.4/lib/vector_math_64.dart').
Try correcting the name to the name of an existing method, or defining a method named 'translateByDouble'.
    ..translateByDouble(rect.size.width / 2, rect.size.height / 2, 0, 1)
      ^^^^^^^^^^^^^^^^^
../../../../AppData/Local/Pub/Cache/hosted/pub.dev/fl_chart-1.1.0/lib/src/chart/base/custom_interactive_viewer.dart:1116:7: Error: The method 'translateByDouble' isn't defined for the class 'Matrix4'.
 - 'Matrix4' is from 'package:vector_math/vector_math_64.dart' ('../../../../AppData/Local/Pub/Cache/hosted/pub.dev/vector_math-2.1.4/lib/vector_math_64.dart').
Try correcting the name to the name of an existing method, or defining a method named 'translateByDouble'.
    ..translateByDouble(-rect.size.width / 2, -rect.size.height / 2, 0, 1);
      ^^^^^^^^^^^^^^^^^
Target kernel_snapshot_program failed: Exception


FAILURE: Build failed with an exception.

* What went wrong:
Execution failed for task ':app:compileFlutterBuildDebug'.
> Process 'command 'C:\Users\Britto\AppData\Local\Android\Sdk\flutter\bin\flutter.bat'' finished with non-zero exit value 1

* Try:
> Run with --stacktrace option to get the stack trace.
> Run with --info or --debug option to get more log output.
> Run with --scan to get full insights.
> Get more help at https://help.gradle.org.

BUILD FAILED in 24s
Running Gradle task 'assembleDebug'...                             24.6s
Gradle task assembleDebug failed with exit code 1
